{
  "RSpec": {
    "coverage": {
      "/home/pratham/MangoApps/parking_lot/spec/acceptance/cars_spec.rb": {
        "lines": [
          1,
          1,
          null,
          1,
          1,
          1,
          null,
          1,
          1,
          1,
          null,
          null,
          1,
          1,
          1,
          null,
          null,
          null,
          1,
          1,
          1,
          null,
          3,
          3,
          1,
          null,
          1,
          1,
          1,
          null,
          null,
          1,
          null,
          1,
          1,
          null,
          1,
          null,
          null,
          null
        ]
      },
      "/home/pratham/MangoApps/parking_lot/spec/rails_helper.rb": {
        "lines": [
          null,
          1,
          1,
          1,
          null,
          1,
          1,
          null,
          null,
          null,
          null,
          null,
          null,
          null,
          null,
          null,
          null,
          null,
          null,
          null,
          null,
          null,
          null,
          null,
          null,
          null,
          null,
          1,
          null,
          0,
          null,
          1,
          null,
          1,
          null,
          null,
          null,
          null,
          1,
          null,
          null,
          null,
          null,
          null,
          null,
          null,
          null,
          null,
          null,
          null,
          null,
          null,
          null,
          null,
          null,
          null,
          1,
          null,
          null,
          1,
          null,
          null,
          null
        ]
      },
      "/home/pratham/MangoApps/parking_lot/config/environment.rb": {
        "lines": [
          null,
          1,
          null,
          null,
          1
        ]
      },
      "/home/pratham/MangoApps/parking_lot/config/application.rb": {
        "lines": [
          1,
          null,
          1,
          null,
          null,
          null,
          1,
          null,
          1,
          1,
          null,
          1,
          null,
          null,
          null,
          null,
          null,
          null,
          null,
          null,
          null,
          null
        ]
      },
      "/home/pratham/MangoApps/parking_lot/config/boot.rb": {
        "lines": [
          1,
          null,
          1,
          1
        ]
      },
      "/home/pratham/MangoApps/parking_lot/config/environments/test.rb": {
        "lines": [
          1,
          null,
          null,
          null,
          null,
          null,
          null,
          1,
          null,
          null,
          null,
          1,
          null,
          null,
          null,
          null,
          1,
          null,
          null,
          1,
          1,
          null,
          null,
          null,
          null,
          1,
          1,
          1,
          null,
          null,
          1,
          null,
          null,
          1,
          null,
          null,
          1,
          null,
          1,
          null,
          null,
          null,
          null,
          1,
          null,
          null,
          1,
          null,
          null,
          1,
          null,
          null,
          1,
          null,
          null,
          null,
          null,
          null,
          null,
          null
        ]
      },
      "/home/pratham/MangoApps/parking_lot/config/initializers/assets.rb": {
        "lines": [
          null,
          null,
          null,
          1,
          null,
          null,
          null,
          null,
          null,
          null,
          null,
          null
        ]
      },
      "/home/pratham/MangoApps/parking_lot/config/initializers/content_security_policy.rb": {
        "lines": [
          null,
          null,
          null,
          null,
          null,
          null,
          null,
          null,
          null,
          null,
          null,
          null,
          null,
          null,
          null,
          null,
          null,
          null,
          null,
          null,
          null,
          null,
          null,
          null,
          null
        ]
      },
      "/home/pratham/MangoApps/parking_lot/config/initializers/filter_parameter_logging.rb": {
        "lines": [
          null,
          null,
          null,
          null,
          null,
          1,
          null,
          null
        ]
      },
      "/home/pratham/MangoApps/parking_lot/config/initializers/inflections.rb": {
        "lines": [
          null,
          null,
          null,
          null,
          null,
          null,
          null,
          null,
          null,
          null,
          null,
          null,
          null,
          null,
          null,
          null
        ]
      },
      "/home/pratham/MangoApps/parking_lot/config/initializers/permissions_policy.rb": {
        "lines": [
          null,
          null,
          null,
          null,
          null,
          null,
          null,
          null,
          null,
          null,
          null
        ]
      },
      "/home/pratham/MangoApps/parking_lot/config/routes.rb": {
        "lines": [
          1,
          null,
          null,
          null,
          1,
          null,
          1,
          1,
          1,
          null
        ]
      },
      "/home/pratham/MangoApps/parking_lot/app/helpers/application_helper.rb": {
        "lines": [
          1,
          null
        ]
      },
      "/home/pratham/MangoApps/parking_lot/app/helpers/cars_helper.rb": {
        "lines": [
          1,
          null
        ]
      },
      "/home/pratham/MangoApps/parking_lot/app/helpers/slots_helper.rb": {
        "lines": [
          1,
          null
        ]
      },
      "/home/pratham/MangoApps/parking_lot/app/helpers/tickets_helper.rb": {
        "lines": [
          1,
          null
        ]
      },
      "/home/pratham/MangoApps/parking_lot/app/models/car.rb": {
        "lines": [
          1,
          1,
          1,
          1,
          null
        ]
      },
      "/home/pratham/MangoApps/parking_lot/app/models/application_record.rb": {
        "lines": [
          1,
          1,
          null
        ]
      },
      "/home/pratham/MangoApps/parking_lot/spec/acceptance/slots_spec.rb": {
        "lines": [
          1,
          1,
          null,
          1,
          1,
          1,
          1,
          1,
          null,
          null,
          null
        ]
      },
      "/home/pratham/MangoApps/parking_lot/spec/acceptance/tickets_spec.rb": {
        "lines": [
          1,
          1,
          null,
          1,
          9,
          9,
          9,
          9,
          9,
          1,
          1,
          1,
          null,
          5,
          5,
          1,
          1,
          1,
          null,
          null,
          1,
          1,
          1,
          1,
          1,
          null,
          null,
          1,
          1,
          1,
          1,
          1,
          null,
          1,
          1,
          1,
          1,
          null,
          null,
          null,
          1,
          1,
          1,
          null,
          3,
          3,
          1,
          1,
          null,
          1,
          null,
          null,
          1,
          1,
          1,
          1,
          null,
          null,
          null,
          1,
          1,
          1,
          1,
          null,
          null,
          1,
          1,
          1,
          null,
          null,
          null
        ]
      },
      "/home/pratham/MangoApps/parking_lot/spec/models/car_spec.rb": {
        "lines": [
          1,
          null,
          1,
          1,
          3,
          3,
          1,
          1,
          1,
          null,
          1,
          1,
          1,
          null,
          null,
          null,
          null
        ]
      },
      "/home/pratham/MangoApps/parking_lot/spec/models/ticket_spec.rb": {
        "lines": [
          1,
          null,
          1,
          3,
          3,
          null,
          1,
          1,
          1,
          1,
          null,
          1,
          1,
          1,
          null,
          null,
          null,
          1,
          1,
          1,
          null,
          1,
          1,
          1,
          1,
          null,
          null,
          null,
          null
        ]
      },
      "/home/pratham/MangoApps/parking_lot/app/models/ticket.rb": {
        "lines": [
          1,
          1,
          1,
          1,
          1,
          1,
          null,
          1,
          null,
          1,
          10,
          null,
          null,
          1,
          2,
          null,
          null,
          1,
          12,
          1,
          null,
          null,
          null,
          null
        ]
      },
      "/home/pratham/MangoApps/parking_lot/app/controllers/cars_controller.rb": {
        "lines": [
          1,
          1,
          2,
          2,
          1,
          null,
          1,
          null,
          2,
          null,
          null,
          1,
          2,
          2,
          1,
          null,
          2,
          null,
          null,
          1,
          null,
          1,
          2,
          null,
          null,
          1,
          2,
          null,
          null
        ]
      },
      "/home/pratham/MangoApps/parking_lot/app/controllers/application_controller.rb": {
        "lines": [
          1,
          1,
          null
        ]
      },
      "/home/pratham/MangoApps/parking_lot/app/services/cars/index.rb": {
        "lines": [
          1,
          1,
          1,
          2,
          2,
          null,
          null,
          1,
          2,
          null,
          2,
          2,
          null,
          2,
          null,
          2,
          2,
          1,
          1,
          null,
          2,
          2,
          null,
          1,
          null,
          null,
          null,
          null
        ]
      },
      "/home/pratham/MangoApps/parking_lot/app/services/cars/create.rb": {
        "lines": [
          1,
          1,
          1,
          2,
          2,
          null,
          null,
          1,
          2,
          2,
          1,
          null,
          1,
          null,
          null,
          null,
          null
        ]
      },
      "/home/pratham/MangoApps/parking_lot/app/controllers/slots_controller.rb": {
        "lines": [
          1,
          null,
          1,
          1,
          1,
          1,
          null,
          null
        ]
      },
      "/home/pratham/MangoApps/parking_lot/app/services/slots/index.rb": {
        "lines": [
          1,
          1,
          1,
          null,
          1,
          1,
          null,
          null,
          null
        ]
      },
      "/home/pratham/MangoApps/parking_lot/app/models/slot.rb": {
        "lines": [
          1,
          1,
          null
        ]
      },
      "/home/pratham/MangoApps/parking_lot/app/controllers/tickets_controller.rb": {
        "lines": [
          1,
          1,
          2,
          2,
          1,
          null,
          2,
          null,
          null,
          1,
          4,
          4,
          1,
          null,
          3,
          null,
          4,
          null,
          null,
          1,
          2,
          2,
          2,
          null,
          0,
          null,
          2,
          null,
          null,
          1,
          null,
          1,
          6,
          null,
          null,
          1,
          2,
          null,
          null
        ]
      },
      "/home/pratham/MangoApps/parking_lot/app/services/tickets/create.rb": {
        "lines": [
          1,
          1,
          1,
          4,
          null,
          null,
          1,
          4,
          3,
          3,
          1,
          null,
          null,
          2,
          null,
          2,
          2,
          1,
          null,
          1,
          null,
          null,
          null,
          1,
          null,
          1,
          3,
          3,
          2,
          null,
          1,
          null,
          null,
          null,
          null
        ]
      },
      "/home/pratham/MangoApps/parking_lot/app/services/tickets/update.rb": {
        "lines": [
          1,
          1,
          1,
          2,
          2,
          null,
          null,
          1,
          2,
          2,
          0,
          null,
          null,
          2,
          2,
          null,
          2,
          2,
          null,
          0,
          null,
          null,
          null,
          null
        ]
      },
      "/home/pratham/MangoApps/parking_lot/app/services/tickets/index.rb": {
        "lines": [
          1,
          1,
          1,
          2,
          2,
          2,
          null,
          null,
          1,
          2,
          2,
          null,
          2,
          2,
          2,
          null,
          2,
          2,
          2,
          null,
          2,
          1,
          null,
          1,
          null,
          null,
          null,
          null,
          null
        ]
      }
    },
    "timestamp": 1686548401
  }
}
